C51 COMPILER V9.60.0.0   KEY                                                               04/10/2024 12:13:05 PAGE 1   


C51 COMPILER V9.60.0.0, COMPILATION OF MODULE KEY
OBJECT MODULE PLACED IN key.OBJ
COMPILER INVOKED BY: D:\20217972\C51\BIN\C51.EXE key.c OPTIMIZE(8,SPEED) BROWSE DEBUG OBJECTEXTEND TABS(2)

line level    source

   1          /**********************************
   2          作者：单片机俱乐部
   3          网站：https://www.mcuclub.cn/
   4          **********************************/
   5          
   6          
   7          /**********************************
   8          包含头文件
   9          **********************************/
  10          #include "key.h"
  11          
  12          
  13          /**********************************
  14          函数定义
  15          **********************************/
  16          /****
  17          ******* 按键处理函数
  18          key_mode:0,不支持连续按;1,支持连续按;
  19          返回值：键值
  20          *****/
  21          uchar Chiclet_Keyboard_Scan(uchar key_mode)
  22          {  
  23   1        static uchar key_up=1;                    //按键松开标志
  24   1      
  25   1        if(key_mode)                              //mode=1,支持连按
  26   1          key_up=1;
  27   1        
  28   1        if(key_up && (KEY1==0 || KEY2==0 || KEY3==0))
  29   1        {
  30   2          Delay_function(10);                     //去抖动 
  31   2          key_up=0;
  32   2      
  33   2          if(KEY1==0)                             //按键1按下，返回1
  34   2            return 1;
  35   2          else if(KEY2==0)                        //按键2按下，返回2
  36   2            return 2;
  37   2          else if(KEY3==0)                        //按键3按下，返回3
  38   2            return 3;
  39   2        }
  40   1        else if(KEY1==1 && KEY2==1 && KEY3==1)    //没有按键按下，松开标志位置1
  41   1          key_up=1;
  42   1        
  43   1        return 0;                                 // 无按键按下.返回0
  44   1      }
  45          


MODULE INFORMATION:   STATIC OVERLAYABLE
   CODE SIZE        =     62    ----
   CONSTANT SIZE    =   ----    ----
   XDATA SIZE       =   ----    ----
   PDATA SIZE       =   ----    ----
   DATA SIZE        =      1    ----
   IDATA SIZE       =   ----    ----
   BIT SIZE         =   ----    ----
C51 COMPILER V9.60.0.0   KEY                                                               04/10/2024 12:13:05 PAGE 2   

END OF MODULE INFORMATION.


C51 COMPILATION COMPLETE.  0 WARNING(S),  0 ERROR(S)
