C51 COMPILER V9.60.0.0   LCD1602                                                           04/10/2024 12:13:05 PAGE 1   


C51 COMPILER V9.60.0.0, COMPILATION OF MODULE LCD1602
OBJECT MODULE PLACED IN lcd1602.OBJ
COMPILER INVOKED BY: D:\20217972\C51\BIN\C51.EXE lcd1602.c OPTIMIZE(8,SPEED) BROWSE DEBUG OBJECTEXTEND TABS(2)

line level    source

   1          /**********************************
   2          作者：单片机俱乐部
   3          网站：https://www.mcuclub.cn/
   4          **********************************/
   5          
   6          
   7          /**********************************
   8          包含头文件
   9          **********************************/
  10          #include "lcd1602.h"
  11          
  12          
  13          /**********************************
  14          函数定义
  15          **********************************/
  16          /****
  17          *******1602检测忙函数 
  18          *****/
  19          void lcd1602_check_busy()
  20          {  
  21   1        P0=0xff;
  22   1        do
  23   1        {
  24   2          LCD1602_RS=0;
  25   2          LCD1602_RW=1;
  26   2          LCD1602_E=0;
  27   2          LCD1602_E=1;
  28   2        } while(LCD1602_BUSY==1);
  29   1        LCD1602_E=0;
  30   1      }
  31          
  32          /****
  33          *******1602写数据忙函数 
  34          *****/
  35          void lcd1602_write_date(uchar date)
  36          {
  37   1        lcd1602_check_busy();
  38   1        LCD1602_E=0;
  39   1        LCD1602_PORT=date;
  40   1        LCD1602_RS=1;
  41   1        LCD1602_RW=0;
  42   1        LCD1602_E=1;
  43   1        LCD1602_E=0;
  44   1      }
  45          
  46          /****
  47          *******1602写命令函数 
  48          *****/
  49          void lcd1602_write_com(uchar com)
  50          {
  51   1        lcd1602_check_busy();
  52   1        LCD1602_E=0;
  53   1        LCD1602_PORT=com;
  54   1        LCD1602_RS=0;
  55   1        LCD1602_RW=0;
C51 COMPILER V9.60.0.0   LCD1602                                                           04/10/2024 12:13:05 PAGE 2   

  56   1        LCD1602_E=1;
  57   1        LCD1602_E=0;
  58   1      }
  59          
  60          /****
  61          *******LCD1602显示字符串函数 
  62          *******参量定义： hang：输入显示行数  1 第一行  2 第二行
  63          *******           add：偏移量，0-15
  64          *******           dat：所要显示的字符串，输入格式 " "
  65          *****/
  66          void lcd1602_display_str(uchar hang, uchar add, uchar *dat)
  67          {
  68   1        if(hang==1)   
  69   1          lcd1602_write_com(0x80+add);      //第一行
  70   1        else
  71   1          lcd1602_write_com(0x80+0x40+add); //第二行
  72   1      
  73   1        while(*dat != '\0')
  74   1        {
  75   2          lcd1602_write_date(*dat++);
  76   2        
  77   2        }
  78   1      }
  79          
  80          /****
  81          *******LCD1602清屏函数 
  82          *****/
  83          void lcd1602_clean()
  84          {
  85   1        lcd1602_display_str(1,0,"                        ");
  86   1        lcd1602_display_str(2,0,"                        ");
  87   1      }
  88          
  89          /****
  90          *******LCD1602初始化函数 
  91          *****/
  92          void Lcd1602_Init()
  93          {
  94   1        lcd1602_write_com(0x38);
  95   1        lcd1602_write_com(0x0c);
  96   1        lcd1602_write_com(0x06);
  97   1        lcd1602_write_com(0x01);
  98   1      }
  99          
 100          /****
 101          *******LCD1602显示数字函数(最大4位)
 102          *******参量定义： hang：输入显示行数  1 第一行  2 第二行
 103          *******           add：偏移量，0-15
 104          *******           num：所要显示的数据，最大4位
 105          *****/
 106          void lcd1602_display_num(uchar hang, uchar add, uint num)
 107          {
 108   1        if(hang==1)   
 109   1          lcd1602_write_com(0x80+add);        //第一行
 110   1        else
 111   1          lcd1602_write_com(0x80+0x40+add);   //第二行
 112   1      
 113   1        
 114   1        if(num >= 1000)
 115   1        {
 116   2          lcd1602_write_date(num/1000%10+48); //千
 117   2          lcd1602_write_date(num/100%10+48);  //百
C51 COMPILER V9.60.0.0   LCD1602                                                           04/10/2024 12:13:05 PAGE 3   

 118   2          lcd1602_write_date(num/10%10+48);   //十
 119   2          lcd1602_write_date(num/1%10+48);    //个
 120   2        }
 121   1        else if(num >= 100)
 122   1        {
 123   2          lcd1602_write_date(num/100%10+48);  //百
 124   2          lcd1602_write_date(num/10%10+48);   //十
 125   2          lcd1602_write_date(num/1%10+48);    //个
 126   2          lcd1602_write_date(' ');            //补空格
 127   2        }
 128   1        else if(num >= 10)
 129   1        {
 130   2          lcd1602_write_date(num/10+48);      //十
 131   2          lcd1602_write_date(num%10+48);      //个
 132   2          lcd1602_write_date(' ');            //补空格
 133   2          lcd1602_write_date(' ');            //补空格
 134   2        }
 135   1        else
 136   1        {
 137   2          lcd1602_write_date(num+48);         //个
 138   2          lcd1602_write_date(' ');            //补空格
 139   2          lcd1602_write_date(' ');            //补空格
 140   2          lcd1602_write_date(' ');            //补空格
 141   2        }
 142   1      }
 143          
 144          /****
 145          *******LCD1602显示温度函数(显示格式：**.*℃)
 146          *******参量定义： hang：输入显示行数  1 第一行  2 第二行
 147          *******           add：偏移量，0-15
 148          *******           temp：所要显示的温度
 149          *****/
 150          void lcd1602_display_temp(uchar hang, uchar add,int temp)
 151          {
 152   1        uchar display_temp_buf[8];
 153   1      
 154   1        if(hang==1)   
 155   1          lcd1602_write_com(0x80+add);      //第一行
 156   1        else
 157   1          lcd1602_write_com(0x80+0x40+add); //第二行
 158   1      
 159   1        if(temp >= 0)
 160   1          sprintf(display_temp_buf,"%d.%d",temp/10,temp%10);
 161   1        else
 162   1          sprintf(display_temp_buf,"-%d.%d",temp*(-1)/10,temp*(-1)%10);
 163   1        lcd1602_display_str(hang,add,display_temp_buf);
 164   1        lcd1602_write_date(0xdf);       //显示温度的小圆圈符号，0xdf是液晶屏字符库的该符号地址码
 165   1        lcd1602_write_date(0x43);       //显示"C"符号，0x43是液晶屏字符库里大写C的地址码
 166   1        lcd1602_write_date(' ');
 167   1        lcd1602_write_date(' ');
 168   1      }
 169          
 170          /****
 171          *******LCD1602显示距离函数(显示格式：***cm)
 172          *******参量定义： hang：输入显示行数  1 第一行  2 第二行
 173          *******           add：偏移量，0-15
 174          *******           distance：所要显示的距离
 175          *****/
 176          void lcd1602_display_distance(uchar hang, uchar add,uint distance)
 177          {
 178   1        if(hang==1)   
 179   1          lcd1602_write_com(0x80+add);      //第一行
C51 COMPILER V9.60.0.0   LCD1602                                                           04/10/2024 12:13:05 PAGE 4   

 180   1        else
 181   1          lcd1602_write_com(0x80+0x40+add); //第二行
 182   1      
 183   1        if(distance > 99)
 184   1          lcd1602_write_date(distance/100%10+48);
 185   1        if(distance > 9)
 186   1          lcd1602_write_date(distance/10%10+48);
 187   1        lcd1602_write_date(distance/1%10+48);
 188   1        lcd1602_write_date('c');
 189   1        lcd1602_write_date('m');
 190   1        lcd1602_write_date(' ');
 191   1        lcd1602_write_date(' ');
 192   1      }
 193          
 194          /****
 195          *******LCD1602显示倒计时函数(显示格式：**:**:**)
 196          *******参量定义： hang：输入显示行数  1 第一行  2 第二行
 197          *******           add：偏移量，0-15
 198          *******           hour：所要显示的倒计时时  minute：所要显示的倒计时分  second：所要显示的倒计时秒
 199          *****/
 200          void lcd1602_display_countdown(uchar hang, uchar add,uint hour,uint minute,uint second)
 201          {
 202   1        if(hang==1)   
 203   1          lcd1602_write_com(0x80+add);      //第一行
 204   1        else
 205   1          lcd1602_write_com(0x80+0x40+add); //第二行
 206   1      
 207   1        lcd1602_write_date(hour/10%10+48);
 208   1        lcd1602_write_date(hour/1%10+48);
 209   1        lcd1602_write_date(':');
 210   1        lcd1602_write_date(minute/10%10+48);
 211   1        lcd1602_write_date(minute/1%10+48);
 212   1        lcd1602_write_date(':');
 213   1        lcd1602_write_date(second/10%10+48);
 214   1        lcd1602_write_date(second/1%10+48);
 215   1      }
 216          


MODULE INFORMATION:   STATIC OVERLAYABLE
   CODE SIZE        =    648    ----
   CONSTANT SIZE    =     38    ----
   XDATA SIZE       =   ----    ----
   PDATA SIZE       =   ----    ----
   DATA SIZE        =   ----      23
   IDATA SIZE       =   ----    ----
   BIT SIZE         =   ----    ----
END OF MODULE INFORMATION.


C51 COMPILATION COMPLETE.  0 WARNING(S),  0 ERROR(S)
